2018-04-05 08:14:36.449 - []  INFO   --- [BuilderThread 0] o.s.web.context.ContextLoader            : Root WebApplicationContext: initialization started
2018-04-05 08:14:36.532 - []  INFO   --- [BuilderThread 0] .s.AnnotationConfigWebApplicationContext : Refreshing Root WebApplicationContext: startup date [Thu Apr 05 08:14:36 CST 2018]; root of context hierarchy
2018-04-05 08:14:36.915 - []  INFO   --- [BuilderThread 0] .s.AnnotationConfigWebApplicationContext : Registering annotated classes: [class com.laputa.foundation.spring.config.LaputaRootConfig,class com.laputa.foundation.web.config.LaputaServletConfig,class com.laputa.foundation.web.kendo.specification.DemoConfig,class com.laputa.foundation.web.rbac.RbacConfiguration]
2018-04-05 08:14:38.422 - []  INFO   --- [BuilderThread 0] o.s.b.f.xml.XmlBeanDefinitionReader      : Loading XML bean definitions from file [D:\work\laputa\laputa-master\laputa-foundation\laputa-foundation-rbac\laputa-foundation-rbac-manager-web\target\classes\laputa-config\springcontext\applicationcontext-foundation-web-rbac-service.xml]
2018-04-05 08:14:39.377 - []  INFO   --- [BuilderThread 0] o.s.b.f.xml.XmlBeanDefinitionReader      : Loading XML bean definitions from URL [jar:file:/D:/respository/com/laputa/laputa-foundation-spring/1.0.0-SNAPSHOT/laputa-foundation-spring-1.0.0-SNAPSHOT.jar!/laputa-config/springcontext/applicationcontext-foundation-springcontext.xml]
2018-04-05 08:14:39.695 - []  INFO   --- [BuilderThread 0] o.s.b.f.xml.XmlBeanDefinitionReader      : Loading XML bean definitions from URL [jar:file:/D:/respository/com/laputa/laputa-foundation-logging/1.0.0-SNAPSHOT/laputa-foundation-logging-1.0.0-SNAPSHOT.jar!/laputa-config/springcontext/applicationcontext-foundation-logging.xml]
2018-04-05 08:14:39.793 - []  INFO   --- [BuilderThread 0] o.s.b.f.xml.XmlBeanDefinitionReader      : Loading XML bean definitions from URL [jar:file:/D:/respository/com/laputa/laputa-foundation-configurer/1.0.0-SNAPSHOT/laputa-foundation-configurer-1.0.0-SNAPSHOT.jar!/laputa-config/springcontext/applicationcontext-foundation-configurer.xml]
2018-04-05 08:14:39.898 - []  INFO   --- [BuilderThread 0] o.s.b.f.xml.XmlBeanDefinitionReader      : Loading XML bean definitions from URL [jar:file:/D:/respository/com/laputa/laputa-foundation-persistence/1.0.0-SNAPSHOT/laputa-foundation-persistence-1.0.0-SNAPSHOT.jar!/laputa-config/springcontext/applicationcontext-foundation-persistence.xml]
2018-04-05 08:14:42.735 - []  INFO   --- [BuilderThread 0] o.s.b.f.xml.XmlBeanDefinitionReader      : Loading XML bean definitions from URL [jar:file:/D:/work/laputa/laputa-master/laputa-foundation/laputa-foundation-rbac/laputa-foundation-rbac-manager-web/target/jetty_overlays/laputa-foundation-web-kendo-1_0_0-SNAPSHOT_war/WEB-INF/lib/laputa-foundation-configurer-1.0.0-SNAPSHOT.jar!/laputa-config/springcontext/applicationcontext-foundation-configurer.xml]
2018-04-05 08:14:42.799 - []  INFO   --- [BuilderThread 0] o.s.b.f.xml.XmlBeanDefinitionReader      : Loading XML bean definitions from URL [jar:file:/D:/work/laputa/laputa-master/laputa-foundation/laputa-foundation-rbac/laputa-foundation-rbac-manager-web/target/jetty_overlays/laputa-foundation-web-kendo-1_0_0-SNAPSHOT_war/WEB-INF/lib/laputa-foundation-logging-1.0.0-SNAPSHOT.jar!/laputa-config/springcontext/applicationcontext-foundation-logging.xml]
2018-04-05 08:14:42.840 - []  INFO   --- [BuilderThread 0] o.s.b.f.xml.XmlBeanDefinitionReader      : Loading XML bean definitions from URL [jar:file:/D:/work/laputa/laputa-master/laputa-foundation/laputa-foundation-rbac/laputa-foundation-rbac-manager-web/target/jetty_overlays/laputa-foundation-web-kendo-1_0_0-SNAPSHOT_war/WEB-INF/lib/laputa-foundation-spring-1.0.0-SNAPSHOT.jar!/laputa-config/springcontext/applicationcontext-foundation-springcontext.xml]
2018-04-05 08:14:43.001 - []  INFO   --- [BuilderThread 0] o.s.b.f.xml.XmlBeanDefinitionReader      : Loading XML bean definitions from URL [file:/D:/work/laputa/laputa-master/laputa-foundation/laputa-foundation-rbac/laputa-foundation-rbac-manager-web/target/jetty_overlays/laputa-foundation-web-kendo-1_0_0-SNAPSHOT_war/WEB-INF/classes/laputa-springmvc/spring-mvc-base.xml]
2018-04-05 08:14:43.787 - []  INFO   --- [BuilderThread 0] o.s.b.f.xml.XmlBeanDefinitionReader      : Loading XML bean definitions from URL [file:/D:/work/laputa/laputa-master/laputa-foundation/laputa-foundation-rbac/laputa-foundation-rbac-manager-web/target/jetty_overlays/laputa-foundation-web-1_0_0-SNAPSHOT_war/WEB-INF/classes/laputa-springmvc/spring-mvc-base.xml]
2018-04-05 08:14:43.873 - []  INFO   --- [BuilderThread 0] o.s.b.f.s.DefaultListableBeanFactory     : Overriding bean definition for bean 'laputaHandlerExceptionResolver' with a different definition: replacing [Generic bean: class [com.laputa.foundation.web.LaputaHandlerExceptionResolver]; scope=; abstract=false; lazyInit=false; autowireMode=0; dependencyCheck=0; autowireCandidate=true; primary=false; factoryBeanName=null; factoryMethodName=null; initMethodName=null; destroyMethodName=null; defined in URL [file:/D:/work/laputa/laputa-master/laputa-foundation/laputa-foundation-rbac/laputa-foundation-rbac-manager-web/target/jetty_overlays/laputa-foundation-web-kendo-1_0_0-SNAPSHOT_war/WEB-INF/classes/laputa-springmvc/spring-mvc-base.xml]] with [Generic bean: class [com.laputa.foundation.web.LaputaHandlerExceptionResolver]; scope=; abstract=false; lazyInit=false; autowireMode=0; dependencyCheck=0; autowireCandidate=true; primary=false; factoryBeanName=null; factoryMethodName=null; initMethodName=null; destroyMethodName=null; defined in URL [file:/D:/work/laputa/laputa-master/laputa-foundation/laputa-foundation-rbac/laputa-foundation-rbac-manager-web/target/jetty_overlays/laputa-foundation-web-1_0_0-SNAPSHOT_war/WEB-INF/classes/laputa-springmvc/spring-mvc-base.xml]]
2018-04-05 08:14:46.205 - []  INFO   --- [BuilderThread 0] o.a.c.f.imps.CuratorFrameworkImpl        : Starting
2018-04-05 08:14:46.248 - []  INFO   --- [BuilderThread 0] org.apache.zookeeper.ZooKeeper           : Client environment:zookeeper.version=3.4.8--1, built on 02/06/2016 03:18 GMT
2018-04-05 08:14:46.252 - []  INFO   --- [BuilderThread 0] org.apache.zookeeper.ZooKeeper           : Client environment:host.name=dongping
2018-04-05 08:14:46.254 - []  INFO   --- [BuilderThread 0] org.apache.zookeeper.ZooKeeper           : Client environment:java.version=1.8.0_101
2018-04-05 08:14:46.255 - []  INFO   --- [BuilderThread 0] org.apache.zookeeper.ZooKeeper           : Client environment:java.vendor=Oracle Corporation
2018-04-05 08:14:46.257 - []  INFO   --- [BuilderThread 0] org.apache.zookeeper.ZooKeeper           : Client environment:java.home=D:\java\jdk1.8.0_101\jre
2018-04-05 08:14:46.258 - []  INFO   --- [BuilderThread 0] org.apache.zookeeper.ZooKeeper           : Client environment:java.class.path=C:\Program Files\JetBrains\IntelliJ IDEA 2017.3.4\plugins\maven\lib\maven3\boot\plexus-classworlds-2.5.2.jar;C:\Program Files\JetBrains\IntelliJ IDEA 2017.3.4\lib\idea_rt.jar
2018-04-05 08:14:46.259 - []  INFO   --- [BuilderThread 0] org.apache.zookeeper.ZooKeeper           : Client environment:java.library.path=D:\java\jdk1.8.0_101\bin;C:\WINDOWS\Sun\Java\bin;C:\WINDOWS\system32;C:\WINDOWS;C:\Users\jiangdongping\AppData\Roaming\Tencent\QPlus\4.8.3071.0\QPlusRes\features\backgroundtool\bin\;C:\Users\jiangdongping\AppData\Roaming\Tencent\QPlus\4.8.3071.0\QPlusRes\features\kissweather\bin\;C:\Users\jiangdongping\AppData\Roaming\Tencent\QPlus\4.8.3071.0\QPlusRes\features\searchtool\bin\;C:\Users\jiangdongping\AppData\Roaming\Tencent\QPlus\4.8.3071.0\QPlusRes\features\personalcenter\bin\;C:\Users\jiangdongping\AppData\Roaming\Tencent\QPlus\4.8.3071.0\QPlusRes\features\frequentapptips\bin\;C:\Users\jiangdongping\AppData\Roaming\Tencent\QPlus\4.8.3071.0\QPlusRes\features\mirrorscreen\bin\;C:\Users\jiangdongping\AppData\Roaming\Tencent\QPlus\4.8.3071.0\Bin\;C:\Windows\system32;C:\Windows;C:\Windows\System32\Wbem;C:\Windows\System32\WindowsPowerShell\v1.0\;C:\Program Files (x86)\NVIDIA Corporation\PhysX\Common;C:\WINDOWS\system32;C:\WINDOWS;C:\WINDOWS\System32\Wbem;C:\WINDOWS\System32\WindowsPowerShell\v1.0\;C:\Program Files\Git\cmd;C:\Program Files\TortoiseGit\bin;C:\Program Files\TortoiseSVN\bin;C:\Program Files\nodejs\;C:\Program Files\PuTTY\;C:\Users\jiangdongping\AppData\Local\Microsoft\WindowsApps;C:\Users\jiangdongping\AppData\Roaming\npm;.
2018-04-05 08:14:46.260 - []  INFO   --- [BuilderThread 0] org.apache.zookeeper.ZooKeeper           : Client environment:java.io.tmpdir=C:\Users\JIANGD~1\AppData\Local\Temp\
2018-04-05 08:14:46.260 - []  INFO   --- [BuilderThread 0] org.apache.zookeeper.ZooKeeper           : Client environment:java.compiler=<NA>
2018-04-05 08:14:46.260 - []  INFO   --- [BuilderThread 0] org.apache.zookeeper.ZooKeeper           : Client environment:os.name=Windows 10
2018-04-05 08:14:46.261 - []  INFO   --- [BuilderThread 0] org.apache.zookeeper.ZooKeeper           : Client environment:os.arch=amd64
2018-04-05 08:14:46.261 - []  INFO   --- [BuilderThread 0] org.apache.zookeeper.ZooKeeper           : Client environment:os.version=10.0
2018-04-05 08:14:46.261 - []  INFO   --- [BuilderThread 0] org.apache.zookeeper.ZooKeeper           : Client environment:user.name=jiangdongping
2018-04-05 08:14:46.262 - []  INFO   --- [BuilderThread 0] org.apache.zookeeper.ZooKeeper           : Client environment:user.home=C:\Users\jiangdongping
2018-04-05 08:14:46.262 - []  INFO   --- [BuilderThread 0] org.apache.zookeeper.ZooKeeper           : Client environment:user.dir=D:\work\laputa\laputa-master\laputa-foundation\laputa-foundation-rbac\laputa-foundation-rbac-manager-web
2018-04-05 08:14:46.266 - []  INFO   --- [BuilderThread 0] org.apache.zookeeper.ZooKeeper           : Initiating client connection, connectString=127.0.0.1:2181 sessionTimeout=60000 watcher=org.apache.curator.ConnectionState@120b707c
2018-04-05 08:14:48.223 - []  INFO   --- [BuilderThread 0-SendThread(127.0.0.1:2181)] org.apache.zookeeper.ClientCnxn          : Opening socket connection to server 127.0.0.1/127.0.0.1:2181. Will not attempt to authenticate using SASL (unknown error)
2018-04-05 08:14:48.234 - []  INFO   --- [BuilderThread 0-SendThread(127.0.0.1:2181)] org.apache.zookeeper.ClientCnxn          : Socket connection established to 127.0.0.1/127.0.0.1:2181, initiating session
2018-04-05 08:14:48.261 - []  INFO   --- [BuilderThread 0-SendThread(127.0.0.1:2181)] org.apache.zookeeper.ClientCnxn          : Session establishment complete on server 127.0.0.1/127.0.0.1:2181, sessionid = 0x10008ee272a0003, negotiated timeout = 40000
2018-04-05 08:14:48.302 - []  INFO   --- [BuilderThread 0-EventThread] o.a.c.f.state.ConnectionStateManager     : State change: CONNECTED
2018-04-05 08:14:48.347 - [] ERROR   --- [BuilderThread 0] c.l.f.configurer.LaputaConfigurer        : 云配置连接异常 /xxl-conf 127.0.0.1:2181 {}

org.apache.zookeeper.KeeperException$NoNodeException: KeeperErrorCode = NoNode for /xxl-conf
	at org.apache.zookeeper.KeeperException.create(KeeperException.java:111)
	at org.apache.zookeeper.KeeperException.create(KeeperException.java:51)
	at org.apache.zookeeper.ZooKeeper.getChildren(ZooKeeper.java:1650)
	at org.apache.curator.framework.imps.GetChildrenBuilderImpl$3.call(GetChildrenBuilderImpl.java:230)
	at org.apache.curator.framework.imps.GetChildrenBuilderImpl$3.call(GetChildrenBuilderImpl.java:219)
	at org.apache.curator.RetryLoop.callWithRetry(RetryLoop.java:109)
	at org.apache.curator.framework.imps.GetChildrenBuilderImpl.pathInForeground(GetChildrenBuilderImpl.java:216)
	at org.apache.curator.framework.imps.GetChildrenBuilderImpl.forPath(GetChildrenBuilderImpl.java:207)
	at org.apache.curator.framework.imps.GetChildrenBuilderImpl.forPath(GetChildrenBuilderImpl.java:40)
	at com.laputa.foundation.configurer.LaputaConfigurer.postProcessBeanFactory(LaputaConfigurer.java:259)
	at org.springframework.context.support.PostProcessorRegistrationDelegate.invokeBeanFactoryPostProcessors(PostProcessorRegistrationDelegate.java:284)
	at org.springframework.context.support.PostProcessorRegistrationDelegate.invokeBeanFactoryPostProcessors(PostProcessorRegistrationDelegate.java:164)
	at org.springframework.context.support.AbstractApplicationContext.invokeBeanFactoryPostProcessors(AbstractApplicationContext.java:693)
	at org.springframework.context.support.AbstractApplicationContext.refresh(AbstractApplicationContext.java:531)
	at org.springframework.web.context.ContextLoader.configureAndRefreshWebApplicationContext(ContextLoader.java:409)
	at org.springframework.web.context.ContextLoader.initWebApplicationContext(ContextLoader.java:291)
	at org.springframework.web.context.ContextLoaderListener.contextInitialized(ContextLoaderListener.java:103)
	at org.eclipse.jetty.server.handler.ContextHandler.callContextInitialized(ContextHandler.java:890)
	at org.eclipse.jetty.servlet.ServletContextHandler.callContextInitialized(ServletContextHandler.java:532)
	at org.eclipse.jetty.server.handler.ContextHandler.startContext(ContextHandler.java:853)
	at org.eclipse.jetty.servlet.ServletContextHandler.startContext(ServletContextHandler.java:344)
	at org.eclipse.jetty.webapp.WebAppContext.startWebapp(WebAppContext.java:1515)
	at org.eclipse.jetty.maven.plugin.JettyWebAppContext.startWebapp(JettyWebAppContext.java:360)
	at org.eclipse.jetty.webapp.WebAppContext.startContext(WebAppContext.java:1477)
	at org.eclipse.jetty.server.handler.ContextHandler.doStart(ContextHandler.java:785)
	at org.eclipse.jetty.servlet.ServletContextHandler.doStart(ServletContextHandler.java:261)
	at org.eclipse.jetty.webapp.WebAppContext.doStart(WebAppContext.java:545)
	at org.eclipse.jetty.maven.plugin.JettyWebAppContext.doStart(JettyWebAppContext.java:428)
	at org.eclipse.jetty.util.component.AbstractLifeCycle.start(AbstractLifeCycle.java:68)
	at org.eclipse.jetty.util.component.ContainerLifeCycle.start(ContainerLifeCycle.java:133)
	at org.eclipse.jetty.util.component.ContainerLifeCycle.doStart(ContainerLifeCycle.java:115)
	at org.eclipse.jetty.server.handler.AbstractHandler.doStart(AbstractHandler.java:113)
	at org.eclipse.jetty.server.handler.ContextHandlerCollection.doStart(ContextHandlerCollection.java:167)
	at org.eclipse.jetty.util.component.AbstractLifeCycle.start(AbstractLifeCycle.java:68)
	at org.eclipse.jetty.util.component.ContainerLifeCycle.start(ContainerLifeCycle.java:133)
	at org.eclipse.jetty.util.component.ContainerLifeCycle.doStart(ContainerLifeCycle.java:115)
	at org.eclipse.jetty.server.handler.AbstractHandler.doStart(AbstractHandler.java:113)
	at org.eclipse.jetty.util.component.AbstractLifeCycle.start(AbstractLifeCycle.java:68)
	at org.eclipse.jetty.util.component.ContainerLifeCycle.start(ContainerLifeCycle.java:133)
	at org.eclipse.jetty.server.Server.start(Server.java:418)
	at org.eclipse.jetty.util.component.ContainerLifeCycle.doStart(ContainerLifeCycle.java:107)
	at org.eclipse.jetty.server.handler.AbstractHandler.doStart(AbstractHandler.java:113)
	at org.eclipse.jetty.server.Server.doStart(Server.java:385)
	at org.eclipse.jetty.util.component.AbstractLifeCycle.start(AbstractLifeCycle.java:68)
	at org.eclipse.jetty.maven.plugin.AbstractJettyMojo.startJetty(AbstractJettyMojo.java:461)
	at org.eclipse.jetty.maven.plugin.AbstractJettyMojo.execute(AbstractJettyMojo.java:327)
	at org.eclipse.jetty.maven.plugin.JettyRunMojo.execute(JettyRunMojo.java:183)
	at org.apache.maven.plugin.DefaultBuildPluginManager.executeMojo(DefaultBuildPluginManager.java:134)
	at org.apache.maven.lifecycle.internal.MojoExecutor.execute(MojoExecutor.java:207)
	at org.apache.maven.lifecycle.internal.MojoExecutor.execute(MojoExecutor.java:153)
	at org.apache.maven.lifecycle.internal.MojoExecutor.execute(MojoExecutor.java:145)
	at org.apache.maven.lifecycle.internal.LifecycleModuleBuilder.buildProject(LifecycleModuleBuilder.java:116)
	at org.apache.maven.lifecycle.internal.builder.multithreaded.MultiThreadedBuilder$1.call(MultiThreadedBuilder.java:185)
	at org.apache.maven.lifecycle.internal.builder.multithreaded.MultiThreadedBuilder$1.call(MultiThreadedBuilder.java:181)
	at java.util.concurrent.FutureTask.run(FutureTask.java:266)
	at java.util.concurrent.Executors$RunnableAdapter.call(Executors.java:511)
	at java.util.concurrent.FutureTask.run(FutureTask.java:266)
	at java.util.concurrent.ThreadPoolExecutor.runWorker(ThreadPoolExecutor.java:1142)
	at java.util.concurrent.ThreadPoolExecutor$Worker.run(ThreadPoolExecutor.java:617)
	at java.lang.Thread.run(Thread.java:745)

2018-04-05 08:14:48.610 - []  INFO   --- [MLog-Init-Reporter] com.mchange.v2.log.MLog                  : MLog clients using slf4j logging.
2018-04-05 08:14:49.141 - []  INFO   --- [BuilderThread 0] f.a.AutowiredAnnotationBeanPostProcessor : JSR-330 'javax.inject.Inject' annotation found and supported for autowiring
2018-04-05 08:14:50.652 - []  INFO   --- [BuilderThread 0] com.mchange.v2.c3p0.C3P0Registry         : Initializing c3p0-0.9.5.2 [built 08-December-2015 22:06:04 -0800; debug? true; trace: 10]
2018-04-05 08:14:51.473 - []  INFO   --- [BuilderThread 0] j.LocalContainerEntityManagerFactoryBean : Building JPA container EntityManagerFactory for persistence unit 'default'
2018-04-05 08:14:54.577 - []  INFO   --- [BuilderThread 0] c.m.v.c.i.AbstractPoolBackedDataSource   : Initializing c3p0 pool... com.mchange.v2.c3p0.ComboPooledDataSource [ acquireIncrement -> 7, acquireRetryAttempts -> 30, acquireRetryDelay -> 1000, autoCommitOnClose -> false, automaticTestTable -> null, breakAfterAcquireFailure -> true, checkoutTimeout -> 0, connectionCustomizerClassName -> null, connectionTesterClassName -> com.mchange.v2.c3p0.impl.DefaultConnectionTester, contextClassLoaderSource -> caller, dataSourceName -> 1hge15y9u14tweik1tiu3rc|21bad37c, debugUnreturnedConnectionStackTraces -> false, description -> null, driverClass -> com.mysql.jdbc.Driver, extensions -> {}, factoryClassLocation -> null, forceIgnoreUnresolvedTransactions -> false, forceSynchronousCheckins -> false, forceUseNamedDriverClass -> false, identityToken -> 1hge15y9u14tweik1tiu3rc|21bad37c, idleConnectionTestPeriod -> 60, initialPoolSize -> 10, jdbcUrl -> jdbc:mysql://127.0.0.1:3306/laputa?useUnicode=true&characterEncoding=utf8&useSSL=false, maxAdministrativeTaskTime -> 0, maxConnectionAge -> 0, maxIdleTime -> 60, maxIdleTimeExcessConnections -> 0, maxPoolSize -> 30, maxStatements -> 0, maxStatementsPerConnection -> 0, minPoolSize -> 5, numHelperThreads -> 3, preferredTestQuery -> null, privilegeSpawnedThreads -> false, properties -> {user=******, password=******}, propertyCycle -> 0, statementCacheNumDeferredCloseThreads -> 0, testConnectionOnCheckin -> false, testConnectionOnCheckout -> false, unreturnedConnectionTimeout -> 0, userOverrides -> {}, usesTraditionalReflectiveProxies -> false ]
2018-04-05 08:15:01.308 - [] DEBUG   --- [BuilderThread 0] org.hibernate.SQL                        : alter table sys_element_belongto_relation_sys_permission add constraint FKsi1igg4jysct8fw13f27whr48 foreign key (sys_element_id) references sys_element (id)
2018-04-05 08:15:01.381 - [] DEBUG   --- [BuilderThread 0] org.hibernate.SQL                        : alter table sys_element_belongto_relation_sys_permission add constraint FKkrkgdl6kpwuwgqymr5h9f7282 foreign key (sys_permission_id) references sys_permission (id)
2018-04-05 08:15:01.430 - [] DEBUG   --- [BuilderThread 0] org.hibernate.SQL                        : alter table sys_file_belongto_relation_sys_permission add constraint FKmx9n6vjgwwpm6kvioi0gtdw84 foreign key (sys_file_id) references sys_file (id)
2018-04-05 08:15:01.475 - [] DEBUG   --- [BuilderThread 0] org.hibernate.SQL                        : alter table sys_file_belongto_relation_sys_permission add constraint FK9g8lgn6ahx4ci7ygua5c77rds foreign key (sys_permission_id) references sys_permission (id)
2018-04-05 08:15:01.525 - [] DEBUG   --- [BuilderThread 0] org.hibernate.SQL                        : alter table sys_menu add constraint FK2jrf4gb0gjqi8882gxytpxnhe foreign key (parent_id) references sys_menu (id)
2018-04-05 08:15:01.573 - [] DEBUG   --- [BuilderThread 0] org.hibernate.SQL                        : alter table sys_menu_belongto_relation_sys_permission add constraint FKlcdcewgfn8sptk7dxs0158r17 foreign key (sys_menu_id) references sys_menu (id)
2018-04-05 08:15:01.629 - [] DEBUG   --- [BuilderThread 0] org.hibernate.SQL                        : alter table sys_menu_belongto_relation_sys_permission add constraint FK9vkp690bi4m1kmtltrbhmc6fl foreign key (sys_permission_id) references sys_permission (id)
2018-04-05 08:15:01.695 - [] DEBUG   --- [BuilderThread 0] org.hibernate.SQL                        : alter table sys_operation add constraint FKpna2tchew81vroamv1fw6ne91 foreign key (parent_id) references sys_operation (id)
2018-04-05 08:15:01.753 - [] DEBUG   --- [BuilderThread 0] org.hibernate.SQL                        : alter table sys_operation_belongto_relation_sys_permission add constraint FKnd02hxehl5os2022b6jqyyqdb foreign key (sys_operation_id) references sys_operation (id)
2018-04-05 08:15:01.805 - [] DEBUG   --- [BuilderThread 0] org.hibernate.SQL                        : alter table sys_operation_belongto_relation_sys_permission add constraint FK3bkhrrfbtxbn4lniyttfd72y5 foreign key (sys_permission_id) references sys_permission (id)
2018-04-05 08:15:01.845 - [] DEBUG   --- [BuilderThread 0] org.hibernate.SQL                        : alter table sys_permission_belongto_relation_sys_role add constraint FK9udyk2hqj065tijv7wufmums4 foreign key (sys_permission_id) references sys_permission (id)
2018-04-05 08:15:01.885 - [] DEBUG   --- [BuilderThread 0] org.hibernate.SQL                        : alter table sys_permission_belongto_relation_sys_role add constraint FKjdc0kgo4xauu5c44h4yqrn5n2 foreign key (sys_role_id) references sys_role (id)
2018-04-05 08:15:01.930 - [] DEBUG   --- [BuilderThread 0] org.hibernate.SQL                        : alter table sys_role add constraint FK3bea05ca9iwbgsf7fdre8ixnk foreign key (parent_sys_user_group_id) references sys_user_group (id)
2018-04-05 08:15:01.972 - [] DEBUG   --- [BuilderThread 0] org.hibernate.SQL                        : alter table sys_user_belongto_relation_sys_role add constraint FKangh2v52q14hegmbw611fds0d foreign key (sys_role_id) references sys_role (id)
2018-04-05 08:15:02.013 - [] DEBUG   --- [BuilderThread 0] org.hibernate.SQL                        : alter table sys_user_belongto_relation_sys_role add constraint FK1lgog56xv3t52npp33495jort foreign key (sys_user_id) references sys_user (id)
2018-04-05 08:15:02.128 - [] DEBUG   --- [BuilderThread 0] org.hibernate.SQL                        : alter table sys_user_belongto_relation_sys_user_group add constraint FKlrs1p4iu3xh5jbfpjangj6nv8 foreign key (sys_user_id) references sys_user (id)
2018-04-05 08:15:02.167 - [] DEBUG   --- [BuilderThread 0] org.hibernate.SQL                        : alter table sys_user_belongto_relation_sys_user_group add constraint FK7vn7hd9rhkeiwfbvnvj0hi0tu foreign key (sys_user_group_id) references sys_user_group (id)
2018-04-05 08:15:02.213 - [] DEBUG   --- [BuilderThread 0] org.hibernate.SQL                        : alter table sys_user_group add constraint FKlr5amfoqrt4q0dsbyfqgkmuu3 foreign key (parent_id) references sys_user_group (id)
2018-04-05 08:15:02.261 - [] DEBUG   --- [BuilderThread 0] org.hibernate.SQL                        : alter table sys_user_group_canhave_relation_sys_permission add constraint FKam1x5g5nieewi2kcn6yswncd8 foreign key (sys_permission_id) references sys_permission (id)
2018-04-05 08:15:02.301 - [] DEBUG   --- [BuilderThread 0] org.hibernate.SQL                        : alter table sys_user_group_canhave_relation_sys_permission add constraint FK2yhwiv26tc3yo5tvdgu2x9wic foreign key (sys_user_group_id) references sys_user_group (id)
2018-04-05 08:15:02.384 - []  INFO   --- [BuilderThread 0] j.LocalContainerEntityManagerFactoryBean : Initialized JPA EntityManagerFactory for persistence unit 'default'
2018-04-05 08:15:10.965 - []  INFO   --- [BuilderThread 0] s.w.s.m.m.a.RequestMappingHandlerMapping : Mapped "{[/rbac/syselement/update],methods=[POST]}" onto public com.laputa.foundation.web.rbac.model.SysElementModel com.laputa.foundation.web.rbac.controller.SysElementController.update(com.laputa.foundation.web.rbac.model.SysElementModel)
2018-04-05 08:15:10.970 - []  INFO   --- [BuilderThread 0] s.w.s.m.m.a.RequestMappingHandlerMapping : Mapped "{[/rbac/syselement/read],methods=[GET]}" onto public java.util.List<com.laputa.foundation.web.rbac.model.SysElementModel> com.laputa.foundation.web.rbac.controller.SysElementController.read()
2018-04-05 08:15:10.971 - []  INFO   --- [BuilderThread 0] s.w.s.m.m.a.RequestMappingHandlerMapping : Mapped "{[/rbac/syselement/create],methods=[POST]}" onto public com.laputa.foundation.web.rbac.model.SysElementModel com.laputa.foundation.web.rbac.controller.SysElementController.create(com.laputa.foundation.web.rbac.model.SysElementModel)
2018-04-05 08:15:10.972 - []  INFO   --- [BuilderThread 0] s.w.s.m.m.a.RequestMappingHandlerMapping : Mapped "{[/rbac/syselement/list],methods=[GET]}" onto public java.lang.String com.laputa.foundation.web.rbac.controller.SysElementController.list()
2018-04-05 08:15:10.973 - []  INFO   --- [BuilderThread 0] s.w.s.m.m.a.RequestMappingHandlerMapping : Mapped "{[/rbac/syselement/readEager],methods=[GET || POST]}" onto public java.util.List<com.laputa.foundation.web.rbac.model.SysElementModel> com.laputa.foundation.web.rbac.controller.SysElementController.readEager()
2018-04-05 08:15:10.975 - []  INFO   --- [BuilderThread 0] s.w.s.m.m.a.RequestMappingHandlerMapping : Mapped "{[/rbac/syselement/destory],methods=[POST]}" onto public com.laputa.foundation.web.rbac.model.SysElementModel com.laputa.foundation.web.rbac.controller.SysElementController.destory(com.laputa.foundation.web.rbac.model.SysElementModel)
2018-04-05 08:15:10.976 - []  INFO   --- [BuilderThread 0] s.w.s.m.m.a.RequestMappingHandlerMapping : Mapped "{[/rbac/syselement/readDataSource],methods=[POST]}" onto public com.laputa.foundation.web.kendo.model.DataSourceResult com.laputa.foundation.web.rbac.controller.SysElementController.readDataSource(com.laputa.foundation.web.kendo.model.DataSourceRequest)
2018-04-05 08:15:10.987 - []  INFO   --- [BuilderThread 0] s.w.s.m.m.a.RequestMappingHandlerMapping : Mapped "{[/rbac/sysfile/update],methods=[POST]}" onto public com.laputa.foundation.web.rbac.model.SysFileModel com.laputa.foundation.web.rbac.controller.SysFileController.update(com.laputa.foundation.web.rbac.model.SysFileModel)
2018-04-05 08:15:10.989 - []  INFO   --- [BuilderThread 0] s.w.s.m.m.a.RequestMappingHandlerMapping : Mapped "{[/rbac/sysfile/read],methods=[GET]}" onto public java.util.List<com.laputa.foundation.web.rbac.model.SysFileModel> com.laputa.foundation.web.rbac.controller.SysFileController.read()
2018-04-05 08:15:10.992 - []  INFO   --- [BuilderThread 0] s.w.s.m.m.a.RequestMappingHandlerMapping : Mapped "{[/rbac/sysfile/create],methods=[POST]}" onto public com.laputa.foundation.web.rbac.model.SysFileModel com.laputa.foundation.web.rbac.controller.SysFileController.create(com.laputa.foundation.web.rbac.model.SysFileModel)
2018-04-05 08:15:10.994 - []  INFO   --- [BuilderThread 0] s.w.s.m.m.a.RequestMappingHandlerMapping : Mapped "{[/rbac/sysfile/list],methods=[GET]}" onto public java.lang.String com.laputa.foundation.web.rbac.controller.SysFileController.list()
2018-04-05 08:15:10.995 - []  INFO   --- [BuilderThread 0] s.w.s.m.m.a.RequestMappingHandlerMapping : Mapped "{[/rbac/sysfile/readEager],methods=[GET || POST]}" onto public java.util.List<com.laputa.foundation.web.rbac.model.SysFileModel> com.laputa.foundation.web.rbac.controller.SysFileController.readEager()
2018-04-05 08:15:10.995 - []  INFO   --- [BuilderThread 0] s.w.s.m.m.a.RequestMappingHandlerMapping : Mapped "{[/rbac/sysfile/destory],methods=[POST]}" onto public com.laputa.foundation.web.rbac.model.SysFileModel com.laputa.foundation.web.rbac.controller.SysFileController.destory(com.laputa.foundation.web.rbac.model.SysFileModel)
2018-04-05 08:15:10.996 - []  INFO   --- [BuilderThread 0] s.w.s.m.m.a.RequestMappingHandlerMapping : Mapped "{[/rbac/sysfile/readDataSource],methods=[POST]}" onto public com.laputa.foundation.web.kendo.model.DataSourceResult com.laputa.foundation.web.rbac.controller.SysFileController.readDataSource(com.laputa.foundation.web.kendo.model.DataSourceRequest)
2018-04-05 08:15:11.011 - []  INFO   --- [BuilderThread 0] s.w.s.m.m.a.RequestMappingHandlerMapping : Mapped "{[/rbac/sysmenu/update],methods=[POST]}" onto public com.laputa.foundation.web.rbac.model.SysMenuModel com.laputa.foundation.web.rbac.controller.SysMenuController.update(com.laputa.foundation.web.rbac.model.SysMenuModel)
2018-04-05 08:15:11.012 - []  INFO   --- [BuilderThread 0] s.w.s.m.m.a.RequestMappingHandlerMapping : Mapped "{[/rbac/sysmenu/read],methods=[GET]}" onto public java.util.List<com.laputa.foundation.web.rbac.model.SysMenuModel> com.laputa.foundation.web.rbac.controller.SysMenuController.read()
2018-04-05 08:15:11.013 - []  INFO   --- [BuilderThread 0] s.w.s.m.m.a.RequestMappingHandlerMapping : Mapped "{[/rbac/sysmenu/create],methods=[POST]}" onto public com.laputa.foundation.web.rbac.model.SysMenuModel com.laputa.foundation.web.rbac.controller.SysMenuController.create(com.laputa.foundation.web.rbac.model.SysMenuModel)
2018-04-05 08:15:11.014 - []  INFO   --- [BuilderThread 0] s.w.s.m.m.a.RequestMappingHandlerMapping : Mapped "{[/rbac/sysmenu/list],methods=[GET]}" onto public java.lang.String com.laputa.foundation.web.rbac.controller.SysMenuController.list()
2018-04-05 08:15:11.016 - []  INFO   --- [BuilderThread 0] s.w.s.m.m.a.RequestMappingHandlerMapping : Mapped "{[/rbac/sysmenu/readEager],methods=[GET || POST]}" onto public java.util.List<com.laputa.foundation.web.rbac.model.SysMenuModel> com.laputa.foundation.web.rbac.controller.SysMenuController.readEager()
2018-04-05 08:15:11.017 - []  INFO   --- [BuilderThread 0] s.w.s.m.m.a.RequestMappingHandlerMapping : Mapped "{[/rbac/sysmenu/destory],methods=[POST]}" onto public com.laputa.foundation.web.rbac.model.SysMenuModel com.laputa.foundation.web.rbac.controller.SysMenuController.destory(com.laputa.foundation.web.rbac.model.SysMenuModel)
2018-04-05 08:15:11.018 - []  INFO   --- [BuilderThread 0] s.w.s.m.m.a.RequestMappingHandlerMapping : Mapped "{[/rbac/sysmenu/readDataSource],methods=[POST]}" onto public com.laputa.foundation.web.kendo.model.DataSourceResult com.laputa.foundation.web.rbac.controller.SysMenuController.readDataSource(com.laputa.foundation.web.kendo.model.DataSourceRequest)
2018-04-05 08:15:11.020 - []  INFO   --- [BuilderThread 0] s.w.s.m.m.a.RequestMappingHandlerMapping : Mapped "{[/rbac/sysmenu/treeList],methods=[GET]}" onto public java.lang.String com.laputa.foundation.web.rbac.controller.SysMenuController.treeList()
2018-04-05 08:15:11.029 - []  INFO   --- [BuilderThread 0] s.w.s.m.m.a.RequestMappingHandlerMapping : Mapped "{[/rbac/sysoperation/update],methods=[POST]}" onto public com.laputa.foundation.web.rbac.model.SysOperationModel com.laputa.foundation.web.rbac.controller.SysOperationController.update(com.laputa.foundation.web.rbac.model.SysOperationModel)
2018-04-05 08:15:11.030 - []  INFO   --- [BuilderThread 0] s.w.s.m.m.a.RequestMappingHandlerMapping : Mapped "{[/rbac/sysoperation/read],methods=[GET]}" onto public java.util.List<com.laputa.foundation.web.rbac.model.SysOperationModel> com.laputa.foundation.web.rbac.controller.SysOperationController.read()
2018-04-05 08:15:11.031 - []  INFO   --- [BuilderThread 0] s.w.s.m.m.a.RequestMappingHandlerMapping : Mapped "{[/rbac/sysoperation/create],methods=[POST]}" onto public com.laputa.foundation.web.rbac.model.SysOperationModel com.laputa.foundation.web.rbac.controller.SysOperationController.create(com.laputa.foundation.web.rbac.model.SysOperationModel)
2018-04-05 08:15:11.032 - []  INFO   --- [BuilderThread 0] s.w.s.m.m.a.RequestMappingHandlerMapping : Mapped "{[/rbac/sysoperation/list],methods=[GET]}" onto public java.lang.String com.laputa.foundation.web.rbac.controller.SysOperationController.list()
2018-04-05 08:15:11.033 - []  INFO   --- [BuilderThread 0] s.w.s.m.m.a.RequestMappingHandlerMapping : Mapped "{[/rbac/sysoperation/readEager],methods=[GET || POST]}" onto public java.util.List<com.laputa.foundation.web.rbac.model.SysOperationModel> com.laputa.foundation.web.rbac.controller.SysOperationController.readEager()
2018-04-05 08:15:11.034 - []  INFO   --- [BuilderThread 0] s.w.s.m.m.a.RequestMappingHandlerMapping : Mapped "{[/rbac/sysoperation/destory],methods=[POST]}" onto public com.laputa.foundation.web.rbac.model.SysOperationModel com.laputa.foundation.web.rbac.controller.SysOperationController.destory(com.laputa.foundation.web.rbac.model.SysOperationModel)
2018-04-05 08:15:11.035 - []  INFO   --- [BuilderThread 0] s.w.s.m.m.a.RequestMappingHandlerMapping : Mapped "{[/rbac/sysoperation/readDataSource],methods=[POST]}" onto public com.laputa.foundation.web.kendo.model.DataSourceResult com.laputa.foundation.web.rbac.controller.SysOperationController.readDataSource(com.laputa.foundation.web.kendo.model.DataSourceRequest)
2018-04-05 08:15:11.036 - []  INFO   --- [BuilderThread 0] s.w.s.m.m.a.RequestMappingHandlerMapping : Mapped "{[/rbac/sysoperation/treeList],methods=[GET]}" onto public java.lang.String com.laputa.foundation.web.rbac.controller.SysOperationController.treeList()
2018-04-05 08:15:11.046 - []  INFO   --- [BuilderThread 0] s.w.s.m.m.a.RequestMappingHandlerMapping : Mapped "{[/rbac/syspermission/update],methods=[POST]}" onto public com.laputa.foundation.web.rbac.model.SysPermissionModel com.laputa.foundation.web.rbac.controller.SysPermissionController.update(com.laputa.foundation.web.rbac.model.SysPermissionModel)
2018-04-05 08:15:11.049 - []  INFO   --- [BuilderThread 0] s.w.s.m.m.a.RequestMappingHandlerMapping : Mapped "{[/rbac/syspermission/read],methods=[GET]}" onto public java.util.List<com.laputa.foundation.web.rbac.model.SysPermissionModel> com.laputa.foundation.web.rbac.controller.SysPermissionController.read()
2018-04-05 08:15:11.052 - []  INFO   --- [BuilderThread 0] s.w.s.m.m.a.RequestMappingHandlerMapping : Mapped "{[/rbac/syspermission/create],methods=[POST]}" onto public com.laputa.foundation.web.rbac.model.SysPermissionModel com.laputa.foundation.web.rbac.controller.SysPermissionController.create(com.laputa.foundation.web.rbac.model.SysPermissionModel)
2018-04-05 08:15:11.055 - []  INFO   --- [BuilderThread 0] s.w.s.m.m.a.RequestMappingHandlerMapping : Mapped "{[/rbac/syspermission/list],methods=[GET]}" onto public java.lang.String com.laputa.foundation.web.rbac.controller.SysPermissionController.list()
2018-04-05 08:15:11.057 - []  INFO   --- [BuilderThread 0] s.w.s.m.m.a.RequestMappingHandlerMapping : Mapped "{[/rbac/syspermission/updateOwnSysOperationCollection],methods=[POST]}" onto public com.laputa.foundation.web.rbac.model.SysPermissionModel com.laputa.foundation.web.rbac.controller.SysPermissionController.updateOwnSysOperationCollection(com.laputa.foundation.web.rbac.model.SysPermissionModel)
2018-04-05 08:15:11.058 - []  INFO   --- [BuilderThread 0] s.w.s.m.m.a.RequestMappingHandlerMapping : Mapped "{[/rbac/syspermission/updateOwnSysFileCollection],methods=[POST]}" onto public com.laputa.foundation.web.rbac.model.SysPermissionModel com.laputa.foundation.web.rbac.controller.SysPermissionController.updateOwnSysFileCollection(com.laputa.foundation.web.rbac.model.SysPermissionModel)
2018-04-05 08:15:11.059 - []  INFO   --- [BuilderThread 0] s.w.s.m.m.a.RequestMappingHandlerMapping : Mapped "{[/rbac/syspermission/configOwnSysOperationCollection/{sysPermissionId}],methods=[GET]}" onto public java.lang.String com.laputa.foundation.web.rbac.controller.SysPermissionController.configOwnSysOperationCollection(java.lang.Long,org.springframework.ui.Model)
2018-04-05 08:15:11.060 - []  INFO   --- [BuilderThread 0] s.w.s.m.m.a.RequestMappingHandlerMapping : Mapped "{[/rbac/syspermission/configOwnSysMenuCollection/{sysPermissionId}],methods=[GET]}" onto public java.lang.String com.laputa.foundation.web.rbac.controller.SysPermissionController.configOwnSysMenuCollection(java.lang.Long,org.springframework.ui.Model)
2018-04-05 08:15:11.060 - []  INFO   --- [BuilderThread 0] s.w.s.m.m.a.RequestMappingHandlerMapping : Mapped "{[/rbac/syspermission/updateOwnSysMenuCollection],methods=[POST]}" onto public com.laputa.foundation.web.rbac.model.SysPermissionModel com.laputa.foundation.web.rbac.controller.SysPermissionController.updateOwnSysMenuCollection(com.laputa.foundation.web.rbac.model.SysPermissionModel)
2018-04-05 08:15:11.061 - []  INFO   --- [BuilderThread 0] s.w.s.m.m.a.RequestMappingHandlerMapping : Mapped "{[/rbac/syspermission/configOwnSysFileCollection/{sysPermissionId}],methods=[GET]}" onto public java.lang.String com.laputa.foundation.web.rbac.controller.SysPermissionController.configOwnSysFileCollection(java.lang.Long,org.springframework.ui.Model)
2018-04-05 08:15:11.061 - []  INFO   --- [BuilderThread 0] s.w.s.m.m.a.RequestMappingHandlerMapping : Mapped "{[/rbac/syspermission/readEager],methods=[GET || POST]}" onto public java.util.List<com.laputa.foundation.web.rbac.model.SysPermissionModel> com.laputa.foundation.web.rbac.controller.SysPermissionController.readEager()
2018-04-05 08:15:11.062 - []  INFO   --- [BuilderThread 0] s.w.s.m.m.a.RequestMappingHandlerMapping : Mapped "{[/rbac/syspermission/destory],methods=[POST]}" onto public com.laputa.foundation.web.rbac.model.SysPermissionModel com.laputa.foundation.web.rbac.controller.SysPermissionController.destory(com.laputa.foundation.web.rbac.model.SysPermissionModel)
2018-04-05 08:15:11.063 - []  INFO   --- [BuilderThread 0] s.w.s.m.m.a.RequestMappingHandlerMapping : Mapped "{[/rbac/syspermission/readDataSource],methods=[POST]}" onto public com.laputa.foundation.web.kendo.model.DataSourceResult com.laputa.foundation.web.rbac.controller.SysPermissionController.readDataSource(com.laputa.foundation.web.kendo.model.DataSourceRequest)
2018-04-05 08:15:11.071 - []  INFO   --- [BuilderThread 0] s.w.s.m.m.a.RequestMappingHandlerMapping : Mapped "{[/rbac/sysrole/update],methods=[POST]}" onto public com.laputa.foundation.web.rbac.model.SysRoleModel com.laputa.foundation.web.rbac.controller.SysRoleController.update(com.laputa.foundation.web.rbac.model.SysRoleModel)
2018-04-05 08:15:11.076 - []  INFO   --- [BuilderThread 0] s.w.s.m.m.a.RequestMappingHandlerMapping : Mapped "{[/rbac/sysrole/read],methods=[GET]}" onto public java.util.List<com.laputa.foundation.web.rbac.model.SysRoleModel> com.laputa.foundation.web.rbac.controller.SysRoleController.read()
2018-04-05 08:15:11.077 - []  INFO   --- [BuilderThread 0] s.w.s.m.m.a.RequestMappingHandlerMapping : Mapped "{[/rbac/sysrole/create],methods=[POST]}" onto public com.laputa.foundation.web.rbac.model.SysRoleModel com.laputa.foundation.web.rbac.controller.SysRoleController.create(com.laputa.foundation.web.rbac.model.SysRoleModel)
2018-04-05 08:15:11.079 - []  INFO   --- [BuilderThread 0] s.w.s.m.m.a.RequestMappingHandlerMapping : Mapped "{[/rbac/sysrole/list],methods=[GET]}" onto public java.lang.String com.laputa.foundation.web.rbac.controller.SysRoleController.list()
2018-04-05 08:15:11.098 - []  INFO   --- [BuilderThread 0] s.w.s.m.m.a.RequestMappingHandlerMapping : Mapped "{[/rbac/sysrole/configOwnSysPermissionCollection/{sysRoleId}],methods=[GET]}" onto public java.lang.String com.laputa.foundation.web.rbac.controller.SysRoleController.configOwnSysPermissionCollection(java.lang.Long,org.springframework.ui.Model)
2018-04-05 08:15:11.106 - []  INFO   --- [BuilderThread 0] s.w.s.m.m.a.RequestMappingHandlerMapping : Mapped "{[/rbac/sysrole/readHaveOwnSysPermission/{sysRoleId}],methods=[GET]}" onto public java.util.List<com.laputa.foundation.web.rbac.model.SysPermissionModel> com.laputa.foundation.web.rbac.controller.SysRoleController.readHaveOwnSysPermission(java.lang.Long)
2018-04-05 08:15:11.108 - []  INFO   --- [BuilderThread 0] s.w.s.m.m.a.RequestMappingHandlerMapping : Mapped "{[/rbac/sysrole/updateHaveOwnSysPermission],methods=[POST]}" onto public com.laputa.foundation.web.rbac.model.SysRoleModel com.laputa.foundation.web.rbac.controller.SysRoleController.updateHaveOwnSysPermission(com.laputa.foundation.web.rbac.model.SysRoleModel)
2018-04-05 08:15:11.111 - []  INFO   --- [BuilderThread 0] s.w.s.m.m.a.RequestMappingHandlerMapping : Mapped "{[/rbac/sysrole/readNotHaveOwnSysPermission/{sysRoleId}],methods=[GET]}" onto public java.util.List<com.laputa.foundation.web.rbac.model.SysPermissionModel> com.laputa.foundation.web.rbac.controller.SysRoleController.readNotHaveOwnSysPermission(java.lang.Long)
2018-04-05 08:15:11.114 - []  INFO   --- [BuilderThread 0] s.w.s.m.m.a.RequestMappingHandlerMapping : Mapped "{[/rbac/sysrole/readEager],methods=[GET || POST]}" onto public java.util.List<com.laputa.foundation.web.rbac.model.SysRoleModel> com.laputa.foundation.web.rbac.controller.SysRoleController.readEager()
2018-04-05 08:15:11.116 - []  INFO   --- [BuilderThread 0] s.w.s.m.m.a.RequestMappingHandlerMapping : Mapped "{[/rbac/sysrole/destory],methods=[POST]}" onto public com.laputa.foundation.web.rbac.model.SysRoleModel com.laputa.foundation.web.rbac.controller.SysRoleController.destory(com.laputa.foundation.web.rbac.model.SysRoleModel)
2018-04-05 08:15:11.119 - []  INFO   --- [BuilderThread 0] s.w.s.m.m.a.RequestMappingHandlerMapping : Mapped "{[/rbac/sysrole/readDataSource],methods=[POST]}" onto public com.laputa.foundation.web.kendo.model.DataSourceResult com.laputa.foundation.web.rbac.controller.SysRoleController.readDataSource(com.laputa.foundation.web.kendo.model.DataSourceRequest)
2018-04-05 08:15:11.131 - []  INFO   --- [BuilderThread 0] s.w.s.m.m.a.RequestMappingHandlerMapping : Mapped "{[/rbac/sysuser/update],methods=[POST]}" onto public com.laputa.foundation.web.rbac.model.SysUserModel com.laputa.foundation.web.rbac.controller.SysUserController.update(com.laputa.foundation.web.rbac.model.SysUserModel)
2018-04-05 08:15:11.132 - []  INFO   --- [BuilderThread 0] s.w.s.m.m.a.RequestMappingHandlerMapping : Mapped "{[/rbac/sysuser/read],methods=[GET]}" onto public java.util.List<com.laputa.foundation.web.rbac.model.SysUserModel> com.laputa.foundation.web.rbac.controller.SysUserController.read()
2018-04-05 08:15:11.132 - []  INFO   --- [BuilderThread 0] s.w.s.m.m.a.RequestMappingHandlerMapping : Mapped "{[/rbac/sysuser/create],methods=[POST]}" onto public com.laputa.foundation.web.rbac.model.SysUserModel com.laputa.foundation.web.rbac.controller.SysUserController.create(com.laputa.foundation.web.rbac.model.SysUserModel)
2018-04-05 08:15:11.133 - []  INFO   --- [BuilderThread 0] s.w.s.m.m.a.RequestMappingHandlerMapping : Mapped "{[/rbac/sysuser/list],methods=[GET]}" onto public java.lang.String com.laputa.foundation.web.rbac.controller.SysUserController.list()
2018-04-05 08:15:11.134 - []  INFO   --- [BuilderThread 0] s.w.s.m.m.a.RequestMappingHandlerMapping : Mapped "{[/rbac/sysuser/configSysRoleData/{sysUserId}],methods=[GET]}" onto public java.util.List<com.laputa.foundation.web.rbac.model.ConfigSysRoleDataModel> com.laputa.foundation.web.rbac.controller.SysUserController.configSysRoleData(java.lang.Long)
2018-04-05 08:15:11.135 - []  INFO   --- [BuilderThread 0] s.w.s.m.m.a.RequestMappingHandlerMapping : Mapped "{[/rbac/sysuser/configBelongtoSysRoleCollection/{sysUserId}],methods=[GET]}" onto public java.lang.String com.laputa.foundation.web.rbac.controller.SysUserController.configBelongtoSysRoleCollection(java.lang.Long,org.springframework.ui.Model)
2018-04-05 08:15:11.136 - []  INFO   --- [BuilderThread 0] s.w.s.m.m.a.RequestMappingHandlerMapping : Mapped "{[/rbac/sysuser/updateBelongtoSysRoleCollection],methods=[POST]}" onto public com.laputa.foundation.web.rbac.model.SysUserModel com.laputa.foundation.web.rbac.controller.SysUserController.updateBelongtoSysRoleCollection(com.laputa.foundation.web.rbac.model.SysUserModel)
2018-04-05 08:15:11.136 - []  INFO   --- [BuilderThread 0] s.w.s.m.m.a.RequestMappingHandlerMapping : Mapped "{[/rbac/sysuser/configBelongtoSysUserGroupCollection/{sysUserId}],methods=[GET]}" onto public java.lang.String com.laputa.foundation.web.rbac.controller.SysUserController.configBelongtoSysUserGroupCollection(java.lang.Long,org.springframework.ui.Model)
2018-04-05 08:15:11.137 - []  INFO   --- [BuilderThread 0] s.w.s.m.m.a.RequestMappingHandlerMapping : Mapped "{[/rbac/sysuser/updateBelongtoSysUserGroupCollection],methods=[POST]}" onto public com.laputa.foundation.web.rbac.model.SysUserModel com.laputa.foundation.web.rbac.controller.SysUserController.updateBelongtoSysUserGroupCollection(com.laputa.foundation.web.rbac.model.SysUserModel)
2018-04-05 08:15:11.139 - []  INFO   --- [BuilderThread 0] s.w.s.m.m.a.RequestMappingHandlerMapping : Mapped "{[/rbac/sysuser/readEager],methods=[GET || POST]}" onto public java.util.List<com.laputa.foundation.web.rbac.model.SysUserModel> com.laputa.foundation.web.rbac.controller.SysUserController.readEager()
2018-04-05 08:15:11.140 - []  INFO   --- [BuilderThread 0] s.w.s.m.m.a.RequestMappingHandlerMapping : Mapped "{[/rbac/sysuser/destory],methods=[POST]}" onto public com.laputa.foundation.web.rbac.model.SysUserModel com.laputa.foundation.web.rbac.controller.SysUserController.destory(com.laputa.foundation.web.rbac.model.SysUserModel)
2018-04-05 08:15:11.141 - []  INFO   --- [BuilderThread 0] s.w.s.m.m.a.RequestMappingHandlerMapping : Mapped "{[/rbac/sysuser/readDataSource],methods=[POST]}" onto public com.laputa.foundation.web.kendo.model.DataSourceResult com.laputa.foundation.web.rbac.controller.SysUserController.readDataSource(com.laputa.foundation.web.kendo.model.DataSourceRequest)
2018-04-05 08:15:11.142 - []  INFO   --- [BuilderThread 0] s.w.s.m.m.a.RequestMappingHandlerMapping : Mapped "{[/rbac/sysuser/updatePassword],methods=[POST]}" onto public com.laputa.foundation.web.rbac.model.SysUserModel com.laputa.foundation.web.rbac.controller.SysUserController.updatePassword(com.laputa.foundation.web.rbac.model.SysUserModel)
2018-04-05 08:15:11.151 - []  INFO   --- [BuilderThread 0] s.w.s.m.m.a.RequestMappingHandlerMapping : Mapped "{[/rbac/sysusergroup/update],methods=[POST]}" onto public com.laputa.foundation.web.rbac.model.SysUserGroupModel com.laputa.foundation.web.rbac.controller.SysUserGroupController.update(com.laputa.foundation.web.rbac.model.SysUserGroupModel)
2018-04-05 08:15:11.153 - []  INFO   --- [BuilderThread 0] s.w.s.m.m.a.RequestMappingHandlerMapping : Mapped "{[/rbac/sysusergroup/read],methods=[GET]}" onto public java.util.List<com.laputa.foundation.web.rbac.model.SysUserGroupModel> com.laputa.foundation.web.rbac.controller.SysUserGroupController.read()
2018-04-05 08:15:11.155 - []  INFO   --- [BuilderThread 0] s.w.s.m.m.a.RequestMappingHandlerMapping : Mapped "{[/rbac/sysusergroup/create],methods=[POST]}" onto public com.laputa.foundation.web.rbac.model.SysUserGroupModel com.laputa.foundation.web.rbac.controller.SysUserGroupController.create(com.laputa.foundation.web.rbac.model.SysUserGroupModel)
2018-04-05 08:15:11.157 - []  INFO   --- [BuilderThread 0] s.w.s.m.m.a.RequestMappingHandlerMapping : Mapped "{[/rbac/sysusergroup/list],methods=[GET]}" onto public java.lang.String com.laputa.foundation.web.rbac.controller.SysUserGroupController.list()
2018-04-05 08:15:11.158 - []  INFO   --- [BuilderThread 0] s.w.s.m.m.a.RequestMappingHandlerMapping : Mapped "{[/rbac/sysusergroup/readHaveSysPermission/{sysUserGroupId}],methods=[GET]}" onto public java.util.List<com.laputa.foundation.web.rbac.model.SysPermissionModel> com.laputa.foundation.web.rbac.controller.SysUserGroupController.readHaveSysPermission(java.lang.Long)
2018-04-05 08:15:11.158 - []  INFO   --- [BuilderThread 0] s.w.s.m.m.a.RequestMappingHandlerMapping : Mapped "{[/rbac/sysusergroup/updateHaveSysPermission],methods=[POST]}" onto public com.laputa.foundation.web.rbac.entity.SysUserGroup com.laputa.foundation.web.rbac.controller.SysUserGroupController.updateHaveSysPermission(com.laputa.foundation.web.rbac.model.SysUserGroupModel)
2018-04-05 08:15:11.159 - []  INFO   --- [BuilderThread 0] s.w.s.m.m.a.RequestMappingHandlerMapping : Mapped "{[/rbac/sysusergroup/readNotHaveSysPermission/{sysUserGroupId}],methods=[GET]}" onto public java.util.List<com.laputa.foundation.web.rbac.model.SysPermissionModel> com.laputa.foundation.web.rbac.controller.SysUserGroupController.readNotHaveSysPermission(java.lang.Long)
2018-04-05 08:15:11.159 - []  INFO   --- [BuilderThread 0] s.w.s.m.m.a.RequestMappingHandlerMapping : Mapped "{[/rbac/sysusergroup/configCanhaveRelationSysPermissionCollection/{sysUserGroupId}],methods=[GET]}" onto public java.lang.String com.laputa.foundation.web.rbac.controller.SysUserGroupController.configCanhaveRelationSysPermissionCollection(java.lang.Long,org.springframework.ui.Model)
2018-04-05 08:15:11.160 - []  INFO   --- [BuilderThread 0] s.w.s.m.m.a.RequestMappingHandlerMapping : Mapped "{[/rbac/sysusergroup/readEager],methods=[GET || POST]}" onto public java.util.List<com.laputa.foundation.web.rbac.model.SysUserGroupModel> com.laputa.foundation.web.rbac.controller.SysUserGroupController.readEager()
2018-04-05 08:15:11.160 - []  INFO   --- [BuilderThread 0] s.w.s.m.m.a.RequestMappingHandlerMapping : Mapped "{[/rbac/sysusergroup/destory],methods=[POST]}" onto public com.laputa.foundation.web.rbac.model.SysUserGroupModel com.laputa.foundation.web.rbac.controller.SysUserGroupController.destory(com.laputa.foundation.web.rbac.model.SysUserGroupModel)
2018-04-05 08:15:11.161 - []  INFO   --- [BuilderThread 0] s.w.s.m.m.a.RequestMappingHandlerMapping : Mapped "{[/rbac/sysusergroup/readDataSource],methods=[POST]}" onto public com.laputa.foundation.web.kendo.model.DataSourceResult com.laputa.foundation.web.rbac.controller.SysUserGroupController.readDataSource(com.laputa.foundation.web.kendo.model.DataSourceRequest)
2018-04-05 08:15:11.162 - []  INFO   --- [BuilderThread 0] s.w.s.m.m.a.RequestMappingHandlerMapping : Mapped "{[/rbac/sysusergroup/treeList],methods=[GET]}" onto public java.lang.String com.laputa.foundation.web.rbac.controller.SysUserGroupController.treeList()
2018-04-05 08:15:11.507 - []  INFO   --- [BuilderThread 0] o.s.w.s.handler.SimpleUrlHandlerMapping  : Mapped URL path [/static/**] onto handler of type [class org.springframework.web.servlet.resource.ResourceHttpRequestHandler]
2018-04-05 08:15:12.000 - []  INFO   --- [BuilderThread 0] s.w.s.m.m.a.RequestMappingHandlerAdapter : Looking for @ControllerAdvice: Root WebApplicationContext: startup date [Thu Apr 05 08:14:36 CST 2018]; root of context hierarchy
2018-04-05 08:15:12.779 - []  INFO   --- [BuilderThread 0] o.s.w.s.handler.SimpleUrlHandlerMapping  : Mapped URL path [/favicon.ico] onto handler 'org.springframework.web.servlet.resource.ResourceHttpRequestHandler#0'
2018-04-05 08:15:13.067 - []  INFO   --- [BuilderThread 0] o.s.w.s.handler.SimpleUrlHandlerMapping  : Mapped URL path [/favicon.ico] onto handler 'org.springframework.web.servlet.resource.ResourceHttpRequestHandler#1'
2018-04-05 08:15:13.713 - []  INFO   --- [BuilderThread 0] o.s.web.context.ContextLoader            : Root WebApplicationContext: initialization completed in 37250 ms
2018-04-05 08:15:14.375 - []  INFO   --- [BuilderThread 0] o.s.web.servlet.DispatcherServlet        : FrameworkServlet 'dispatcher': initialization started
2018-04-05 08:15:14.385 - []  INFO   --- [BuilderThread 0] .s.AnnotationConfigWebApplicationContext : Refreshing WebApplicationContext for namespace 'dispatcher-servlet': startup date [Thu Apr 05 08:15:14 CST 2018]; parent: Root WebApplicationContext
2018-04-05 08:15:14.399 - []  INFO   --- [BuilderThread 0] f.a.AutowiredAnnotationBeanPostProcessor : JSR-330 'javax.inject.Inject' annotation found and supported for autowiring
2018-04-05 08:15:14.899 - []  INFO   --- [BuilderThread 0] o.s.web.servlet.DispatcherServlet        : FrameworkServlet 'dispatcher': initialization completed in 523 ms
2018-04-05 08:18:40.259 - [53f5b06be239480ea9c62b40f615ec3c] DEBUG   --- [qtp1064299882-18] org.hibernate.SQL                        : select syspermiss0_.id as id1_8_, syspermiss0_.created_by as created_2_8_, syspermiss0_.created_date as created_3_8_, syspermiss0_.last_modified_by as last_mod4_8_, syspermiss0_.last_modified_date as last_mod5_8_, syspermiss0_.cname as cname6_8_, syspermiss0_.descript as descript7_8_, syspermiss0_.code as code8_8_ from sys_permission syspermiss0_
2018-04-05 08:18:40.259 - [ae81adf1d40b4e61833821f1ef2bfbd7] DEBUG   --- [qtp1064299882-23] org.hibernate.SQL                        : select sysusergro0_.id as id1_14_, sysusergro0_.created_by as created_2_14_, sysusergro0_.created_date as created_3_14_, sysusergro0_.last_modified_by as last_mod4_14_, sysusergro0_.last_modified_date as last_mod5_14_, sysusergro0_.cname as cname6_14_, sysusergro0_.descript as descript7_14_, sysusergro0_.code as code8_14_, sysusergro0_.parent_id as parent_i9_14_ from sys_user_group sysusergro0_
2018-04-05 08:18:40.259 - [598e74126cf44124b13697c8f422fadd] DEBUG   --- [qtp1064299882-46] org.hibernate.SQL                        : select sysuser0_.id as id1_11_, sysuser0_.created_by as created_2_11_, sysuser0_.created_date as created_3_11_, sysuser0_.last_modified_by as last_mod4_11_, sysuser0_.last_modified_date as last_mod5_11_, sysuser0_.cname as cname6_11_, sysuser0_.descript as descript7_11_, sysuser0_.locked as locked8_11_, sysuser0_.password as password9_11_, sysuser0_.username as usernam10_11_ from sys_user sysuser0_
2018-04-05 08:18:41.360 - [b5475c2ed9b246629538428dbd99054e] DEBUG   --- [qtp1064299882-20] org.hibernate.SQL                        : select sysrole0_.id as id1_10_, sysrole0_.created_by as created_2_10_, sysrole0_.created_date as created_3_10_, sysrole0_.last_modified_by as last_mod4_10_, sysrole0_.last_modified_date as last_mod5_10_, sysrole0_.cname as cname6_10_, sysrole0_.descript as descript7_10_, sysrole0_.code as code8_10_, sysrole0_.inverted as inverted9_10_, sysrole0_.parent_sys_user_group_id as parent_10_10_ from sys_role sysrole0_ limit ?
2018-04-05 08:18:41.393 - [b5475c2ed9b246629538428dbd99054e] DEBUG   --- [qtp1064299882-20] org.hibernate.SQL                        : select ownsysperm0_.sys_role_id as sys_role7_9_0_, ownsysperm0_.id as id1_9_0_, ownsysperm0_.id as id1_9_1_, ownsysperm0_.created_by as created_2_9_1_, ownsysperm0_.created_date as created_3_9_1_, ownsysperm0_.last_modified_by as last_mod4_9_1_, ownsysperm0_.last_modified_date as last_mod5_9_1_, ownsysperm0_.sys_permission_id as sys_perm6_9_1_, ownsysperm0_.sys_role_id as sys_role7_9_1_ from sys_permission_belongto_relation_sys_role ownsysperm0_ where ownsysperm0_.sys_role_id=?
2018-04-05 08:18:41.451 - [b5475c2ed9b246629538428dbd99054e] DEBUG   --- [qtp1064299882-20] org.hibernate.SQL                        : select ownsysuser0_.sys_role_id as sys_role6_12_0_, ownsysuser0_.id as id1_12_0_, ownsysuser0_.id as id1_12_1_, ownsysuser0_.created_by as created_2_12_1_, ownsysuser0_.created_date as created_3_12_1_, ownsysuser0_.last_modified_by as last_mod4_12_1_, ownsysuser0_.last_modified_date as last_mod5_12_1_, ownsysuser0_.sys_role_id as sys_role6_12_1_, ownsysuser0_.sys_user_id as sys_user7_12_1_ from sys_user_belongto_relation_sys_role ownsysuser0_ where ownsysuser0_.sys_role_id=?
